Copyright 1986-2019 Xilinx, Inc. All Rights Reserved.
--------------------------------------------------------------------------------------
| Tool Version : Vivado v.2019.2.1 (lin64) Build 2729669 Thu Dec  5 04:48:12 MST 2019
| Date         : Wed Mar 11 20:43:08 2020
| Host         : polp-desktop running 64-bit Ubuntu 18.04.4 LTS
| Command      : report_control_sets -verbose -file system_control_sets_placed.rpt
| Design       : system
| Device       : xc7a35t
--------------------------------------------------------------------------------------

Control Set Information

Table of Contents
-----------------
1. Summary
2. Histogram
3. Flip-Flop Distribution
4. Detailed Control Set Information

1. Summary
----------

+----------------------------------------------------------+-------+
|                          Status                          | Count |
+----------------------------------------------------------+-------+
| Total control sets                                       |    29 |
|    Minimum number of control sets                        |    29 |
|    Addition due to synthesis replication                 |     0 |
|    Addition due to physical synthesis replication        |     0 |
| Unused register locations in slices containing registers |   191 |
+----------------------------------------------------------+-------+
* Control sets can be merged at opt_design using control_set_merge or merge_equivalent_drivers
** Run report_qor_suggestions for automated merging and remapping suggestions


2. Histogram
------------

+--------------------+-------+
|       Fanout       | Count |
+--------------------+-------+
| Total control sets |    29 |
| >= 0 to < 4        |    26 |
| >= 4 to < 6        |     1 |
| >= 6 to < 8        |     0 |
| >= 8 to < 10       |     0 |
| >= 10 to < 12      |     0 |
| >= 12 to < 14      |     1 |
| >= 14 to < 16      |     1 |
| >= 16              |     0 |
+--------------------+-------+
* Control sets can be remapped at either synth_design or opt_design


3. Flip-Flop Distribution
-------------------------

+--------------+-----------------------+------------------------+-----------------+--------------+
| Clock Enable | Synchronous Set/Reset | Asynchronous Set/Reset | Total Registers | Total Slices |
+--------------+-----------------------+------------------------+-----------------+--------------+
| No           | No                    | No                     |              38 |           33 |
| No           | No                    | Yes                    |               0 |            0 |
| No           | Yes                   | No                     |               0 |            0 |
| Yes          | No                    | No                     |              19 |            9 |
| Yes          | No                    | Yes                    |               0 |            0 |
| Yes          | Yes                   | No                     |               0 |            0 |
+--------------+-----------------------+------------------------+-----------------+--------------+


4. Detailed Control Set Information
-----------------------------------

+---------------------------------------+----------------------+------------------+------------------+----------------+
|              Clock Signal             |     Enable Signal    | Set/Reset Signal | Slice Load Count | Bel Load Count |
+---------------------------------------+----------------------+------------------+------------------+----------------+
|  genblk1[24].nolabel_line21/p_6_out   |                      |                  |                1 |              1 |
|  genblk1[13].nolabel_line21/p_17_out  |                      |                  |                1 |              1 |
|  genblk1[1].nolabel_line21/p_29_out   |                      |                  |                1 |              1 |
|  genblk1[19].nolabel_line21/p_11_out  |                      |                  |                1 |              1 |
|  genblk1[17].nolabel_line21/p_13_out  |                      |                  |                1 |              1 |
|  genblk1[16].nolabel_line21/p_14_out  |                      |                  |                1 |              1 |
|  genblk1[15].nolabel_line21/p_15_out  |                      |                  |                1 |              1 |
|  genblk1[14].nolabel_line21/p_16_out  |                      |                  |                1 |              1 |
|  genblk1[9].nolabel_line21/p_21_out   |                      |                  |                1 |              1 |
|  genblk1[6].nolabel_line21/p_24_out   |                      |                  |                1 |              1 |
|  genblk1[5].nolabel_line21/p_25_out   |                      |                  |                1 |              1 |
|  genblk1[4].nolabel_line21/p_26_out   |                      |                  |                1 |              1 |
|  genblk1[3].nolabel_line21/p_27_out   |                      |                  |                1 |              1 |
|  genblk1[2].nolabel_line21/p_28_out   |                      |                  |                1 |              1 |
|  genblk1[7].nolabel_line21/p_23_out   |                      |                  |                1 |              1 |
|  genblk1[8].nolabel_line21/p_22_out   |                      |                  |                1 |              1 |
|  genblk1[25].nolabel_line21/p_5_out   |                      |                  |                1 |              1 |
|  genblk1[21].nolabel_line21/p_9_out   |                      |                  |                1 |              1 |
|  clk_IBUF_BUFG                        |                      |                  |                1 |              1 |
|  genblk1[22].nolabel_line21/p_8_out   |                      |                  |                1 |              1 |
|  genblk1[10].nolabel_line21/p_20_out  |                      |                  |                1 |              1 |
|  genblk1[12].nolabel_line21/p_18_out  |                      |                  |                1 |              1 |
|  genblk1[11].nolabel_line21/p_19_out  |                      |                  |                1 |              1 |
|  genblk1[26].nolabel_line21/p_4_out   |                      |                  |                1 |              1 |
|  genblk1[20].nolabel_line21/p_10_out  |                      |                  |                1 |              1 |
|  genblk1[23].nolabel_line21/p_7_out   |                      |                  |                1 |              1 |
|  genblk1[27].nolabel_line21/out_reg_0 | curAddNum[4]_i_1_n_0 |                  |                2 |              5 |
|  genblk1[18].nolabel_line21/clkDiv_18 |                      |                  |                7 |             12 |
|  genblk1[27].nolabel_line21/out_reg_0 | curNum[13]_i_1_n_0   |                  |                7 |             14 |
+---------------------------------------+----------------------+------------------+------------------+----------------+


