Copyright 1986-2019 Xilinx, Inc. All Rights Reserved.
------------------------------------------------------------------------------------------------------------
| Tool Version : Vivado v.2019.2.1 (lin64) Build 2729669 Thu Dec  5 04:48:12 MST 2019
| Date         : Wed Mar 11 20:43:21 2020
| Host         : polp-desktop running 64-bit Ubuntu 18.04.4 LTS
| Command      : report_drc -file system_drc_routed.rpt -pb system_drc_routed.pb -rpx system_drc_routed.rpx
| Design       : system
| Device       : xc7a35tcpg236-1
| Speed File   : -1
| Design State : Fully Routed
------------------------------------------------------------------------------------------------------------

Report DRC

Table of Contents
-----------------
1. REPORT SUMMARY
2. REPORT DETAILS

1. REPORT SUMMARY
-----------------
            Netlist: netlist
          Floorplan: design_1
      Design limits: <entire design considered>
           Ruledeck: default
             Max violations: <unlimited>
             Violations found: 2
+-------------+----------+-------------------------------------------------------------+------------+
| Rule        | Severity | Description                                                 | Violations |
+-------------+----------+-------------------------------------------------------------+------------+
| PDRC-153    | Warning  | Gated clock check                                           | 1          |
| PLHOLDVIO-2 | Warning  | Non-Optimal connections which could lead to hold violations | 1          |
+-------------+----------+-------------------------------------------------------------+------------+

2. REPORT DETAILS
-----------------
PDRC-153#1 Warning
Gated clock check  
Net genblk1[27].nolabel_line21/out_reg_0 is a gated clock net sourced by a combinational pin genblk1[27].nolabel_line21/curNum[13]_i_3/O, cell genblk1[27].nolabel_line21/curNum[13]_i_3. This is not good design practice and will likely impact performance. For SLICE registers, for example, use the CE pin to control the loading of data.
Related violations: <none>

PLHOLDVIO-2#1 Warning
Non-Optimal connections which could lead to hold violations  
A LUT genblk1[27].nolabel_line21/curNum[13]_i_3 is driving clock pin of 19 cells. This could lead to large hold time violations. Involved cells are:
curAddNum_reg[0], curAddNum_reg[1], curAddNum_reg[2], curAddNum_reg[3], curAddNum_reg[4], curNum_reg[0], curNum_reg[10], curNum_reg[11], curNum_reg[12], curNum_reg[13], curNum_reg[1], curNum_reg[2], curNum_reg[3], curNum_reg[4], curNum_reg[5] (the first 15 of 19 listed)
Related violations: <none>


